[mainmo.repostatf]
savedmemoryfiles=5
 mainfo.sta
 commitqueryfo.sta
 optionsfo.sta
 revertqueryfo.sta
 lastmessagefo.sta
mainfo.sta=295
 [mainfo.panelcontroller]
 panels=2
  panel1
  panel2
 clients=281
  [mainfo.dockpanel]
  splitdir=2
  useroptions=33570183
  parent=mainfo.container
  visible=1
  mdistate=0
  nx=0
  ny=0
  ncx=0
  ncy=0
  x=0
  y=18
  cx=482
  cy=498
  rcx=0
  rcy=0
  children=2
   diffwindowfo,0,201,472,297
   panel1,0,0,472,198
  [logfo.grid]
  propcolwidthref=0
  width0=36
  sortdescend0=0
  sortdescend1=0
  width2=159
  sortdescend2=0
  width3=99
  sortdescend3=0
  width4=116
  sortdescend4=0
  width5=117
  sortdescend5=0
  sortcol=0
  sorted=1
  col=2
  row=0
  rowheight=16
  [logfo]
  splitdir=0
  useroptions=16511
  parent=mainfo.panelcontroller.panel2.container
  visible=1
  mdistate=0
  nx=0
  ny=0
  ncx=0
  ncy=0
  x=0
  y=236
  cx=505
  cy=195
  rcx=0
  rcy=0
  children=1
   container,0,0,505,195
  [diffwindowfo.tabs]
  tabsize=114
  firsttab=0
  index=0
  [diffwindowfo]
  splitdir=0
  useroptions=16511
  parent=mainfo.dockpanel
  visible=1
  mdistate=0
  nx=0
  ny=0
  ncx=0
  ncy=0
  x=0
  y=201
  cx=472
  cy=297
  rcx=0
  rcy=0
  children=1
   container,0,0,472,297
  [gitconsolefo]
  splitdir=0
  useroptions=16495
  parent=mainfo.panelcontroller.panel2.container
  visible=1
  mdistate=0
  nx=0
  ny=0
  ncx=0
  ncy=0
  x=0
  y=434
  cx=505
  cy=98
  rcx=0
  rcy=0
  children=1
   container,0,0,505,98
  [branchfo.remotegrid]
  propcolwidthref=161
  width0=51
  sortdescend0=0
  width1=53
  sortdescend1=0
  width2=45
  sortdescend2=0
  sortdescend3=0
  sortdescend4=0
  sortdescend5=0
  sortdescend6=0
  width7=14
  sortdescend7=0
  rowstate=4
   0 3
   0 0
   0 0
   0 0
  [branchfo.localgrid]
  propcolwidthref=183
  sortdescend0=0
  width1=115
  sortdescend1=0
  width2=57
  sortdescend2=0
  sortdescend3=0
  sortdescend4=0
  sortdescend5=0
  [branchfo.tsplitter1]
  x=265
  y=0
  xprop=0.53069306930693
  yprop=1
  [branchfo]
  splitdir=0
  useroptions=16511
  parent=mainfo.panelcontroller.panel2.container
  visible=1
  mdistate=0
  nx=0
  ny=0
  ncx=0
  ncy=0
  x=0
  y=74
  cx=505
  cy=159
  rcx=0
  rcy=0
  children=1
   container,0,0,505,159
  [remotesfo]
  splitdir=0
  useroptions=16495
  parent=mainfo.panelcontroller.panel2.container
  visible=1
  mdistate=0
  nx=0
  ny=0
  ncx=0
  ncy=0
  x=0
  y=0
  cx=505
  cy=71
  rcx=0
  rcy=0
  children=1
   container,0,0,505,71
  [remotesfo.grid]
  propcolwidthref=486
  width0=101
  sortdescend0=0
  width1=171
  sortdescend1=0
  width2=186
  sortdescend2=0
  [stashfo.stashgrid]
  propcolwidthref=435
  width0=120
  sortdescend0=0
  width1=309
  sortdescend1=0
  [stashfo]
  splitdir=0
  useroptions=16511
  stackedunder=mainfo.panelcontroller.panel2
  parent=
  mdistate=0
  nx=0
  ny=0
  ncx=0
  ncy=0
  x=100
  y=100
  cx=445
  cy=354
  rcx=0
  rcy=0
  children=1
   container,0,0,435,354
  wsize=0
  active=0
  visible=0
  [filesfo]
  splitdir=0
  useroptions=16511
  parent=mainfo.panelcontroller.panel1.container
  visible=1
  mdistate=0
  nx=0
  ny=0
  ncx=0
  ncy=0
  x=151
  y=0
  cx=321
  cy=198
  rcx=0
  rcy=0
  children=1
   container,0,0,321,198
  [filesfo.filelist.grid]
  propcolwidthref=100
  sortdescend0=0
  sortdescend1=1
  width2=174
  sortdescend2=0
  [dirtreefo]
  splitdir=0
  useroptions=16511
  parent=mainfo.panelcontroller.panel1.container
  visible=1
  mdistate=0
  nx=0
  ny=0
  ncx=0
  ncy=0
  x=0
  y=0
  cx=148
  cy=198
  rcx=0
  rcy=0
  children=1
   container,0,0,148,198
  [mainfo.panelcontroller.panel1]
  splitdir=1
  useroptions=32239
  parent=mainfo.dockpanel
  visible=1
  mdistate=0
  nx=0
  ny=0
  ncx=0
  ncy=0
  x=0
  y=0
  cx=472
  cy=198
  rcx=0
  rcy=0
  children=1
   container,0,0,472,198
  [mainfo.panelcontroller.panel2]
  splitdir=2
  useroptions=33586671
  stackedunder=mainfo
  parent=
  mdistate=0
  nx=0
  ny=0
  ncx=0
  ncy=0
  x=505
  y=160
  cx=515
  cy=532
  rcx=0
  rcy=0
  children=1
   container,0,0,505,532
  wsize=0
  active=0
  visible=1
 [mainfo]
 stackedunder=
 x=15
 y=160
 cx=482
 cy=532
 wsize=0
 active=0
 visible=1
commitqueryfo.sta=19
 [commitqueryfo.tsplitter2]
 x=243
 y=0
 xprop=0.30524642289348
 yprop=0.93911439114391
 [commitqueryfo.tsplitter1]
 x=0
 y=331
 xprop=1
 yprop=0.65527950310559
 [commitqueryfo]
 stackedunder=
 x=215
 y=177
 cx=805
 cy=542
 wsize=0
 active=1
 visible=1
optionsfo.sta=9
 [optionsfo]
 stackedunder=
 x=236
 y=237
 cx=402
 cy=274
 wsize=0
 active=1
 visible=1
revertqueryfo.sta=14
 [revertqueryfo.tsplitter2]
 x=232
 y=-8
 xprop=0.4249547920434
 yprop=0.85512367491166
 [revertqueryfo]
 stackedunder=
 x=113
 y=249
 cx=553
 cy=283
 wsize=0
 active=1
 visible=1
lastmessagefo.sta=9
 [lastmessagefo]
 stackedunder=
 x=212
 y=250
 cx=341
 cy=263
 wsize=0
 active=1
 visible=1
[mainmo.repoobj]
activeremote=origin
activelocallogbranch=master
activeremotelog=
activeremotelogbranch=
commitmessages=0
commitmessage=
linkedremotebranches=0
hiddenremotes=0
hiddenremotebranches=0
hiddenlocalbranches=0
localbranchorder=0
remotesorder=0
remotebranchorder=0
showhiddenbranches=0
logfiltercommit=
logfiltercommitter=
logfilterdatemin=
logfilterdatemax=
logfiltermessage=
remotes=1
 origin,
diffdir=
